TN:
SF:src/components/Icons.tsx
FNF:0
FNH:0
DA:51,2
LF:1
LH:1
BRF:0
BRH:0
end_of_record
TN:
SF:src/components/ReorderSparkline.tsx
FN:17,(anonymous_0)
FN:37,(anonymous_1)
FN:45,(anonymous_2)
FN:61,(anonymous_3)
FN:62,(anonymous_4)
FNF:5
FNH:5
FNDA:2,(anonymous_0)
FNDA:2,(anonymous_1)
FNDA:1,(anonymous_2)
FNDA:1,(anonymous_3)
FNDA:2,(anonymous_4)
DA:17,1
DA:24,2
DA:25,1
DA:36,1
DA:37,2
DA:45,1
DA:47,1
DA:61,1
DA:63,2
DA:64,1
DA:66,1
LF:11
LH:11
BRDA:19,0,0,2
BRDA:20,1,0,2
BRDA:21,2,0,2
BRDA:22,3,0,2
BRDA:24,4,0,1
BRDA:24,4,1,1
BRDA:24,5,0,2
BRDA:24,5,1,2
BRDA:51,6,0,1
BRDA:51,6,1,1
BRDA:63,7,0,1
BRDA:63,7,1,1
BRDA:63,8,0,2
BRDA:63,8,1,1
BRF:14
BRH:14
end_of_record
TN:
SF:src/components/TreeNode.tsx
FN:26,(anonymous_0)
FN:41,(anonymous_1)
FN:76,(anonymous_2)
FN:91,(anonymous_3)
FN:92,(anonymous_4)
FN:94,(anonymous_5)
FN:102,(anonymous_6)
FN:109,(anonymous_7)
FN:114,(anonymous_8)
FN:201,(anonymous_9)
FN:260,(anonymous_10)
FN:280,getIsExpanded
FN:288,areTreeNodePropsEqual
FNF:13
FNH:13
FNDA:9,(anonymous_0)
FNDA:9,(anonymous_1)
FNDA:11,(anonymous_2)
FNDA:9,(anonymous_3)
FNDA:9,(anonymous_4)
FNDA:11,(anonymous_5)
FNDA:1,(anonymous_6)
FNDA:1,(anonymous_7)
FNDA:1,(anonymous_8)
FNDA:14,(anonymous_9)
FNDA:1,(anonymous_10)
FNDA:4,getIsExpanded
FNDA:2,areTreeNodePropsEqual
DA:26,1
DA:27,9
DA:29,1
DA:31,1
DA:33,5
DA:35,2
DA:37,0
DA:41,1
DA:42,9
DA:44,1
DA:50,1
DA:56,5
DA:62,2
DA:68,0
DA:76,1
DA:86,11
DA:87,11
DA:88,11
DA:89,11
DA:91,11
DA:92,11
DA:94,11
DA:95,11
DA:96,7
DA:97,7
DA:98,7
DA:101,11
DA:103,1
DA:104,1
DA:109,11
DA:110,1
DA:111,1
DA:114,11
DA:115,1
DA:118,11
DA:201,14
DA:261,1
DA:285,4
DA:289,2
DA:290,2
DA:291,2
DA:292,2
DA:293,2
DA:294,2
DA:295,2
DA:296,2
DA:297,0
DA:299,2
DA:300,1
DA:301,0
DA:302,0
DA:303,0
DA:304,0
DA:307,1
DA:308,1
LF:55
LH:48
BRDA:27,0,0,1
BRDA:27,0,1,1
BRDA:27,0,2,5
BRDA:27,0,3,2
BRDA:27,0,4,0
BRDA:42,1,0,1
BRDA:42,1,1,1
BRDA:42,1,2,5
BRDA:42,1,3,2
BRDA:42,1,4,0
BRDA:86,2,0,11
BRDA:86,2,1,0
BRDA:87,3,0,11
BRDA:87,3,1,2
BRDA:87,3,2,2
BRDA:89,4,0,11
BRDA:89,4,1,11
BRDA:95,5,0,4
BRDA:95,5,1,7
BRDA:95,6,0,11
BRDA:95,6,1,7
BRDA:97,7,0,0
BRDA:97,7,1,7
BRDA:127,8,0,7
BRDA:127,8,1,4
BRDA:128,9,0,1
BRDA:128,9,1,10
BRDA:129,10,0,0
BRDA:129,10,1,11
BRDA:138,11,0,5
BRDA:138,11,1,6
BRDA:143,12,0,1
BRDA:143,12,1,10
BRDA:150,13,0,5
BRDA:150,13,1,6
BRDA:157,14,0,5
BRDA:157,14,1,6
BRDA:167,15,0,0
BRDA:167,15,1,11
BRDA:180,16,0,11
BRDA:180,16,1,7
BRDA:180,16,2,7
BRDA:190,17,0,11
BRDA:190,17,1,10
BRDA:198,18,0,11
BRDA:198,18,1,7
BRDA:198,18,2,7
BRDA:198,18,3,7
BRDA:212,19,0,11
BRDA:212,19,1,1
BRDA:212,19,2,1
BRDA:214,20,0,1
BRDA:214,20,1,0
BRDA:219,21,0,11
BRDA:219,21,1,1
BRDA:219,21,2,1
BRDA:227,22,0,11
BRDA:227,22,1,2
BRDA:242,23,0,11
BRDA:242,23,1,1
BRDA:246,24,0,0
BRDA:246,24,1,1
BRDA:247,25,0,1
BRDA:247,25,1,0
BRDA:258,26,0,1
BRDA:258,26,1,0
BRDA:283,27,0,4
BRDA:285,28,0,4
BRDA:285,28,1,0
BRDA:285,28,2,0
BRDA:289,29,0,0
BRDA:289,29,1,2
BRDA:290,30,0,0
BRDA:290,30,1,2
BRDA:291,31,0,0
BRDA:291,31,1,2
BRDA:292,32,0,0
BRDA:292,32,1,2
BRDA:293,33,0,0
BRDA:293,33,1,2
BRDA:294,34,0,0
BRDA:294,34,1,2
BRDA:295,35,0,0
BRDA:295,35,1,2
BRDA:296,36,0,0
BRDA:296,36,1,2
BRDA:299,37,0,1
BRDA:299,37,1,1
BRDA:300,38,0,1
BRDA:300,38,1,0
BRDA:301,39,0,0
BRDA:301,39,1,0
BRDA:302,40,0,0
BRDA:302,40,1,0
BRDA:303,41,0,0
BRDA:303,41,1,0
BRF:96
BRH:69
end_of_record
TN:
SF:src/components/VelocityBadge.tsx
FN:15,(anonymous_0)
FN:52,(anonymous_1)
FNF:2
FNH:2
FNDA:15,(anonymous_0)
FNDA:15,(anonymous_1)
DA:15,2
DA:21,15
DA:22,1
DA:28,14
DA:29,2
DA:35,12
DA:36,10
DA:43,2
DA:52,2
DA:59,15
DA:61,15
DA:62,8
DA:73,7
LF:13
LH:13
BRDA:21,0,0,1
BRDA:21,0,1,14
BRDA:28,1,0,2
BRDA:28,1,1,12
BRDA:35,2,0,10
BRDA:35,2,1,2
BRDA:57,3,0,15
BRDA:61,4,0,8
BRDA:61,4,1,7
BRDA:101,5,0,6
BRDA:101,5,1,1
BRDA:106,6,0,15
BRDA:106,6,1,2
BRF:13
BRH:13
end_of_record
TN:
SF:src/views/supplierSetupUtils.ts
FN:50,buildSupplierGridItems
FN:54,(anonymous_1)
FN:64,getMilestoneMessage
FN:79,calculateProgressPercent
FNF:4
FNH:4
FNDA:1,buildSupplierGridItems
FNDA:2,(anonymous_1)
FNDA:2,getMilestoneMessage
FNDA:6,calculateProgressPercent
DA:3,1
DA:24,1
DA:26,1
DA:35,1
DA:54,1
DA:55,2
DA:56,2
DA:65,2
DA:67,1
DA:69,0
DA:71,0
DA:73,0
DA:75,1
DA:80,6
DA:81,2
DA:83,4
DA:84,4
DA:85,1
DA:87,3
LF:19
LH:16
BRDA:55,0,0,2
BRDA:55,0,1,0
BRDA:65,1,0,1
BRDA:65,1,1,0
BRDA:65,1,2,0
BRDA:65,1,3,0
BRDA:65,1,4,1
BRDA:80,2,0,2
BRDA:80,2,1,4
BRDA:80,3,0,6
BRDA:80,3,1,5
BRDA:84,4,0,1
BRDA:84,4,1,3
BRF:13
BRH:9
end_of_record
