TN:
SF:src/components/Icons.tsx
FNF:0
FNH:0
DA:51,2
LF:1
LH:1
BRF:0
BRH:0
end_of_record
TN:
SF:src/components/ReorderSparkline.tsx
FN:17,(anonymous_0)
FN:37,(anonymous_1)
FN:45,(anonymous_2)
FN:61,(anonymous_3)
FN:62,(anonymous_4)
FNF:5
FNH:5
FNDA:2,(anonymous_0)
FNDA:2,(anonymous_1)
FNDA:1,(anonymous_2)
FNDA:1,(anonymous_3)
FNDA:2,(anonymous_4)
DA:17,1
DA:24,2
DA:25,1
DA:36,1
DA:37,2
DA:45,1
DA:47,1
DA:61,1
DA:63,2
DA:64,1
DA:66,1
LF:11
LH:11
BRDA:19,0,0,2
BRDA:20,1,0,2
BRDA:21,2,0,2
BRDA:22,3,0,2
BRDA:24,4,0,1
BRDA:24,4,1,1
BRDA:24,5,0,2
BRDA:24,5,1,2
BRDA:51,6,0,1
BRDA:51,6,1,1
BRDA:63,7,0,1
BRDA:63,7,1,1
BRDA:63,8,0,2
BRDA:63,8,1,1
BRF:14
BRH:14
end_of_record
TN:
SF:src/components/TreeNode.tsx
FN:26,(anonymous_0)
FN:41,(anonymous_1)
FN:76,(anonymous_2)
FN:91,(anonymous_3)
FN:92,(anonymous_4)
FN:94,(anonymous_5)
FN:102,(anonymous_6)
FN:109,(anonymous_7)
FN:114,(anonymous_8)
FN:201,(anonymous_9)
FN:260,(anonymous_10)
FN:280,getIsExpanded
FN:288,areTreeNodePropsEqual
FNF:13
FNH:13
FNDA:16,(anonymous_0)
FNDA:16,(anonymous_1)
FNDA:18,(anonymous_2)
FNDA:16,(anonymous_3)
FNDA:16,(anonymous_4)
FNDA:18,(anonymous_5)
FNDA:1,(anonymous_6)
FNDA:1,(anonymous_7)
FNDA:1,(anonymous_8)
FNDA:16,(anonymous_9)
FNDA:2,(anonymous_10)
FNDA:26,getIsExpanded
FNDA:20,areTreeNodePropsEqual
DA:26,1
DA:27,16
DA:29,1
DA:31,3
DA:33,9
DA:35,2
DA:37,1
DA:41,1
DA:42,16
DA:44,1
DA:50,3
DA:56,9
DA:62,2
DA:68,1
DA:76,1
DA:86,18
DA:87,18
DA:88,18
DA:89,18
DA:91,18
DA:92,18
DA:94,18
DA:95,18
DA:96,11
DA:97,11
DA:98,10
DA:101,18
DA:103,1
DA:104,1
DA:109,18
DA:110,1
DA:111,1
DA:114,18
DA:115,1
DA:118,18
DA:201,16
DA:261,2
DA:285,26
DA:289,20
DA:290,19
DA:291,18
DA:292,17
DA:293,16
DA:294,15
DA:295,14
DA:296,13
DA:297,3
DA:299,10
DA:300,8
DA:301,5
DA:302,4
DA:303,3
DA:304,2
DA:307,1
DA:308,1
LF:55
LH:55
BRDA:27,0,0,1
BRDA:27,0,1,3
BRDA:27,0,2,9
BRDA:27,0,3,2
BRDA:27,0,4,1
BRDA:42,1,0,1
BRDA:42,1,1,3
BRDA:42,1,2,9
BRDA:42,1,3,2
BRDA:42,1,4,1
BRDA:86,2,0,18
BRDA:86,2,1,1
BRDA:87,3,0,18
BRDA:87,3,1,5
BRDA:87,3,2,5
BRDA:89,4,0,18
BRDA:89,4,1,17
BRDA:95,5,0,7
BRDA:95,5,1,11
BRDA:95,6,0,18
BRDA:95,6,1,11
BRDA:97,7,0,1
BRDA:97,7,1,10
BRDA:127,8,0,12
BRDA:127,8,1,6
BRDA:128,9,0,1
BRDA:128,9,1,17
BRDA:129,10,0,1
BRDA:129,10,1,17
BRDA:138,11,0,8
BRDA:138,11,1,10
BRDA:143,12,0,2
BRDA:143,12,1,16
BRDA:150,13,0,8
BRDA:150,13,1,10
BRDA:157,14,0,8
BRDA:157,14,1,10
BRDA:167,15,0,1
BRDA:167,15,1,17
BRDA:180,16,0,18
BRDA:180,16,1,11
BRDA:180,16,2,8
BRDA:190,17,0,18
BRDA:190,17,1,14
BRDA:198,18,0,18
BRDA:198,18,1,11
BRDA:198,18,2,8
BRDA:198,18,3,8
BRDA:212,19,0,18
BRDA:212,19,1,3
BRDA:212,19,2,1
BRDA:219,20,0,18
BRDA:219,20,1,1
BRDA:219,20,2,1
BRDA:227,21,0,18
BRDA:227,21,1,2
BRDA:242,22,0,18
BRDA:242,22,1,2
BRDA:246,23,0,1
BRDA:246,23,1,1
BRDA:247,24,0,1
BRDA:247,24,1,1
BRDA:258,25,0,1
BRDA:258,25,1,1
BRDA:283,26,0,26
BRDA:285,27,0,26
BRDA:285,27,1,1
BRDA:285,27,2,1
BRDA:289,28,0,1
BRDA:289,28,1,19
BRDA:290,29,0,1
BRDA:290,29,1,18
BRDA:291,30,0,1
BRDA:291,30,1,17
BRDA:292,31,0,1
BRDA:292,31,1,16
BRDA:293,32,0,1
BRDA:293,32,1,15
BRDA:294,33,0,1
BRDA:294,33,1,14
BRDA:295,34,0,1
BRDA:295,34,1,13
BRDA:296,35,0,3
BRDA:296,35,1,10
BRDA:299,36,0,2
BRDA:299,36,1,8
BRDA:300,37,0,3
BRDA:300,37,1,5
BRDA:301,38,0,1
BRDA:301,38,1,4
BRDA:302,39,0,1
BRDA:302,39,1,3
BRDA:303,40,0,1
BRDA:303,40,1,2
BRF:94
BRH:94
end_of_record
TN:
SF:src/components/VelocityBadge.tsx
FN:15,(anonymous_0)
FN:52,(anonymous_1)
FNF:2
FNH:2
FNDA:16,(anonymous_0)
FNDA:16,(anonymous_1)
DA:15,2
DA:21,16
DA:22,1
DA:28,15
DA:29,2
DA:35,13
DA:36,11
DA:43,2
DA:52,2
DA:59,16
DA:61,16
DA:62,9
DA:73,7
LF:13
LH:13
BRDA:21,0,0,1
BRDA:21,0,1,15
BRDA:28,1,0,2
BRDA:28,1,1,13
BRDA:35,2,0,11
BRDA:35,2,1,2
BRDA:57,3,0,16
BRDA:61,4,0,9
BRDA:61,4,1,7
BRDA:101,5,0,6
BRDA:101,5,1,1
BRDA:106,6,0,16
BRDA:106,6,1,2
BRF:13
BRH:13
end_of_record
TN:
SF:src/views/supplierSetupUtils.ts
FN:50,buildSupplierGridItems
FN:54,(anonymous_1)
FN:64,getMilestoneMessage
FN:79,calculateProgressPercent
FNF:4
FNH:4
FNDA:1,buildSupplierGridItems
FNDA:3,(anonymous_1)
FNDA:5,getMilestoneMessage
FNDA:6,calculateProgressPercent
DA:3,1
DA:24,1
DA:26,1
DA:35,1
DA:54,1
DA:55,3
DA:56,3
DA:65,5
DA:67,1
DA:69,1
DA:71,1
DA:73,1
DA:75,1
DA:80,6
DA:81,2
DA:83,4
DA:84,4
DA:85,1
DA:87,3
LF:19
LH:19
BRDA:55,0,0,3
BRDA:55,0,1,1
BRDA:65,1,0,1
BRDA:65,1,1,1
BRDA:65,1,2,1
BRDA:65,1,3,1
BRDA:65,1,4,1
BRDA:80,2,0,2
BRDA:80,2,1,4
BRDA:80,3,0,6
BRDA:80,3,1,5
BRDA:84,4,0,1
BRDA:84,4,1,3
BRF:13
BRH:13
end_of_record
